<?xml version="1.0" encoding="UTF-8"?>
<!-- Generated by org.testng.reporters.JUnitReportReporter -->
<testsuite hostname="shreeGrurdevDatta" failures="0" tests="1" name="com.config.properties.freeCrmLoginTest" time="29.665" errors="0" timestamp="2023-07-19T12:46:57 IST" skipped="0">
  <testcase classname="com.config.properties.freeCrmLoginTest" name="loginTest" time="29.665"/>
</testsuite> <!-- com.config.properties.freeCrmLoginTest -->
