<?xml version="1.0" encoding="UTF-8"?>
<!-- Generated by org.testng.reporters.JUnitReportReporter -->
<testsuite hostname="shreeGrurdevDatta" failures="0" tests="10" name="testng.Demo5_invocation_ount" time="0.025" errors="0" timestamp="2023-07-18T16:29:29 IST" skipped="0">
  <testcase classname="testng.Demo5_invocation_ount" name="Test1" time="0.001"/>
  <testcase classname="testng.Demo5_invocation_ount" name="Test1" time="0.002"/>
  <testcase classname="testng.Demo5_invocation_ount" name="Test1" time="0.001"/>
  <testcase classname="testng.Demo5_invocation_ount" name="Test1" time="0.010"/>
  <testcase classname="testng.Demo5_invocation_ount" name="Test1" time="0.001"/>
  <testcase classname="testng.Demo5_invocation_ount" name="Test1" time="0.001"/>
  <testcase classname="testng.Demo5_invocation_ount" name="Test1" time="0.002"/>
  <testcase classname="testng.Demo5_invocation_ount" name="Test1" time="0.003"/>
  <testcase classname="testng.Demo5_invocation_ount" name="Test1" time="0.003"/>
  <testcase classname="testng.Demo5_invocation_ount" name="Test1" time="0.001"/>
</testsuite> <!-- testng.Demo5_invocation_ount -->
