<?xml version="1.0" encoding="UTF-8"?>
<!-- Generated by org.testng.reporters.JUnitReportReporter -->
<testsuite hostname="shreeGrurdevDatta" failures="0" tests="4" name="com.login.Search_Tc" time="0.013" errors="0" timestamp="2023-07-17T17:11:24 IST" skipped="0">
  <testcase classname="com.login.Search_Tc" name="setup" time="0.008"/>
  <testcase classname="com.login.Search_Tc" name="searchCustomer" time="0.001"/>
  <testcase classname="com.login.Search_Tc" name="addcustomer" time="0.002"/>
  <testcase classname="com.login.Search_Tc" name="closeBrowser" time="0.002"/>
</testsuite> <!-- com.login.Search_Tc -->
