<?xml version="1.0" encoding="UTF-8"?>
<!-- Generated by org.testng.reporters.JUnitReportReporter -->
<testsuite hostname="shreeGrurdevDatta" failures="0" tests="1" name="com.parameter.Demo1" time="14.657" errors="0" timestamp="2023-07-18T20:53:59 IST" skipped="0">
  <testcase classname="com.parameter.Demo1" name="loginTest" time="14.657"/>
</testsuite> <!-- com.parameter.Demo1 -->
