<?xml version="1.0" encoding="UTF-8"?>
<!-- Generated by org.testng.reporters.JUnitReportReporter -->
<testsuite hostname="shreeGrurdevDatta" failures="0" tests="4" name="com.testng.Demo6_Priority" time="0.007" errors="0" timestamp="2023-07-18T19:49:44 IST" skipped="0">
  <testcase classname="com.testng.Demo6_Priority" name="A" time="0.002"/>
  <testcase classname="com.testng.Demo6_Priority" name="m" time="0.001"/>
  <testcase classname="com.testng.Demo6_Priority" name="f" time="0.002"/>
  <testcase classname="com.testng.Demo6_Priority" name="X" time="0.002"/>
</testsuite> <!-- com.testng.Demo6_Priority -->
