<?xml version="1.0" encoding="UTF-8"?>
<!-- Generated by org.testng.reporters.JUnitReportReporter -->
<testsuite hostname="shreeGrurdevDatta" failures="0" tests="3" name="com.login.Login_TC" time="0.014" errors="0" timestamp="2023-07-17T13:43:30 IST" skipped="0">
  <testcase classname="com.login.Login_TC" name="setup" time="0.009"/>
  <testcase classname="com.login.Login_TC" name="login" time="0.002"/>
  <testcase classname="com.login.Login_TC" name="close" time="0.003"/>
</testsuite> <!-- com.login.Login_TC -->
