<?xml version="1.0" encoding="UTF-8"?>
<!-- Generated by org.testng.reporters.JUnitReportReporter -->
<testsuite hostname="shreeGrurdevDatta" failures="0" tests="7" name="testng.Demo3_Groupping" time="0.024" errors="0" timestamp="2023-07-18T15:57:41 IST" skipped="0">
  <testcase classname="testng.Demo3_Groupping" name="HomepageTest" time="0.015"/>
  <testcase classname="testng.Demo3_Groupping" name="SearchTest" time="0.001"/>
  <testcase classname="testng.Demo3_Groupping" name="Test1" time="0.003"/>
  <testcase classname="testng.Demo3_Groupping" name="Test2" time="0.002"/>
  <testcase classname="testng.Demo3_Groupping" name="loginTest" time="0.001"/>
  <testcase classname="testng.Demo3_Groupping" name="Test3" time="0.001"/>
  <testcase classname="testng.Demo3_Groupping" name="logoutButtonTest" time="0.001"/>
</testsuite> <!-- testng.Demo3_Groupping -->
