<?xml version="1.0" encoding="UTF-8"?>
<!-- Generated by org.testng.reporters.JUnitReportReporter -->
<testsuite hostname="shreeGrurdevDatta" failures="0" tests="2" name="com.testng.Demo2_BeforeClassAndAfterClass" time="0.009" errors="0" timestamp="2023-07-18T19:49:44 IST" skipped="0">
  <testcase classname="com.testng.Demo2_BeforeClassAndAfterClass" name="Test1" time="0.004"/>
  <testcase classname="com.testng.Demo2_BeforeClassAndAfterClass" name="Test2" time="0.005"/>
</testsuite> <!-- com.testng.Demo2_BeforeClassAndAfterClass -->
