<?xml version="1.0" encoding="UTF-8"?>
<!-- Generated by org.testng.reporters.JUnitReportReporter -->
<testsuite hostname="shreeGrurdevDatta" failures="0" tests="10" name="com.testng.Demo5_invocation_ount" time="0.009" errors="0" timestamp="2023-07-18T19:49:44 IST" skipped="0">
  <testcase classname="com.testng.Demo5_invocation_ount" name="Test1" time="0.000"/>
  <testcase classname="com.testng.Demo5_invocation_ount" name="Test1" time="0.001"/>
  <testcase classname="com.testng.Demo5_invocation_ount" name="Test1" time="0.001"/>
  <testcase classname="com.testng.Demo5_invocation_ount" name="Test1" time="0.001"/>
  <testcase classname="com.testng.Demo5_invocation_ount" name="Test1" time="0.001"/>
  <testcase classname="com.testng.Demo5_invocation_ount" name="Test1" time="0.001"/>
  <testcase classname="com.testng.Demo5_invocation_ount" name="Test1" time="0.001"/>
  <testcase classname="com.testng.Demo5_invocation_ount" name="Test1" time="0.002"/>
  <testcase classname="com.testng.Demo5_invocation_ount" name="Test1" time="0.001"/>
  <testcase classname="com.testng.Demo5_invocation_ount" name="Test1" time="0.000"/>
</testsuite> <!-- com.testng.Demo5_invocation_ount -->
