<?xml version="1.0" encoding="UTF-8"?>
<!-- Generated by org.testng.reporters.JUnitReportReporter -->
<testsuite hostname="shreeGrurdevDatta" failures="0" tests="2" name="testng.Demo2_BeforeClassAndAfterClass" time="0.012" errors="0" timestamp="2023-07-17T17:57:18 IST" skipped="0">
  <testcase classname="testng.Demo2_BeforeClassAndAfterClass" name="Test1" time="0.008"/>
  <testcase classname="testng.Demo2_BeforeClassAndAfterClass" name="Test2" time="0.004"/>
</testsuite> <!-- testng.Demo2_BeforeClassAndAfterClass -->
