<?xml version="1.0" encoding="UTF-8"?>
<!-- Generated by org.testng.reporters.JUnitReportReporter -->
<testsuite hostname="shreeGrurdevDatta" failures="0" tests="2" name="testng.Demo1" time="0.017" errors="0" timestamp="2023-07-17T17:36:18 IST" skipped="0">
  <testcase classname="testng.Demo1" name="Test2" time="0.009"/>
  <testcase classname="testng.Demo1" name="Test1" time="0.008"/>
</testsuite> <!-- testng.Demo1 -->
