<?xml version="1.0" encoding="UTF-8"?>
<!-- Generated by org.testng.reporters.JUnitReportReporter -->
<testsuite hostname="shreeGrurdevDatta" failures="0" tests="4" name="testng.Demo6_Priority" time="0.012" errors="0" timestamp="2023-07-18T16:33:16 IST" skipped="0">
  <testcase classname="testng.Demo6_Priority" name="A" time="0.007"/>
  <testcase classname="testng.Demo6_Priority" name="m" time="0.001"/>
  <testcase classname="testng.Demo6_Priority" name="f" time="0.003"/>
  <testcase classname="testng.Demo6_Priority" name="X" time="0.001"/>
</testsuite> <!-- testng.Demo6_Priority -->
