<?xml version="1.0" encoding="UTF-8"?>
<!-- Generated by org.testng.reporters.JUnitReportReporter -->
<testsuite hostname="shreeGrurdevDatta" failures="0" tests="2" name="com.testng.Demo1" time="0.017" errors="0" timestamp="2023-07-18T19:49:44 IST" skipped="0">
  <testcase classname="com.testng.Demo1" name="Test2" time="0.003"/>
  <testcase classname="com.testng.Demo1" name="Test1" time="0.014"/>
</testsuite> <!-- com.testng.Demo1 -->
