<?xml version="1.0" encoding="UTF-8"?>
<!-- Generated by org.testng.reporters.JUnitReportReporter -->
<testsuite hostname="shreeGrurdevDatta" failures="0" tests="1" name="com.testng.Demo7_exceptedException" time="0.003" errors="0" timestamp="2023-07-18T19:49:44 IST" skipped="0">
  <testcase classname="com.testng.Demo7_exceptedException" name="demoTest" time="0.003"/>
</testsuite> <!-- com.testng.Demo7_exceptedException -->
